{"levelname": "INFO", "asctime": "2022-01-03 10:13:46,172", "filename": "Micro1.py", "funcName": "<module>", "lineno": 301, "message": "The Script was initiate"}
{"levelname": "DEBUG", "asctime": "2022-01-03 10:13:46,173", "filename": "Micro1.py", "funcName": "InputArgs", "lineno": 289, "message": "Comprobate the input arguments"}
{"levelname": "DEBUG", "asctime": "2022-01-03 10:13:46,173", "filename": "Micro1.py", "funcName": "aapt_permissions", "lineno": 124, "message": "The function aapt_permissions was initiate"}
{"levelname": "ERROR", "asctime": "2022-01-03 10:13:46,183", "filename": "Micro1.py", "funcName": "<module>", "lineno": 314, "message": "We need initiate ['com.android.vending.BILLING', 'android.permission.ACCESS_COARSE_LOCATION', 'android.permission.ACCESS_FINE_LOCATION'] list"}
{"levelname": "INFO", "asctime": "2022-01-03 10:16:01,490", "filename": "Micro1.py", "funcName": "<module>", "lineno": 301, "message": "The Script was initiate"}
{"levelname": "DEBUG", "asctime": "2022-01-03 10:16:01,493", "filename": "Micro1.py", "funcName": "InputArgs", "lineno": 289, "message": "Comprobate the input arguments"}
{"levelname": "DEBUG", "asctime": "2022-01-03 10:16:01,495", "filename": "Micro1.py", "funcName": "aapt_permissions", "lineno": 124, "message": "The function aapt_permissions was initiate"}
{"levelname": "DEBUG", "asctime": "2022-01-03 10:16:01,505", "filename": "Micro1.py", "funcName": "depurePermissions", "lineno": 225, "message": "The function depurePermissions was initiate"}
{"levelname": "DEBUG", "asctime": "2022-01-03 10:16:01,512", "filename": "Micro1.py", "funcName": "comparationLst", "lineno": 209, "message": "The function comparationLst was initiate"}
{"levelname": "INFO", "asctime": "2022-01-03 10:16:46,496", "filename": "Micro1.py", "funcName": "<module>", "lineno": 301, "message": "The Script was initiate"}
{"levelname": "DEBUG", "asctime": "2022-01-03 10:16:46,497", "filename": "Micro1.py", "funcName": "InputArgs", "lineno": 289, "message": "Comprobate the input arguments"}
{"levelname": "DEBUG", "asctime": "2022-01-03 10:16:46,497", "filename": "Micro1.py", "funcName": "aapt_permissions", "lineno": 124, "message": "The function aapt_permissions was initiate"}
{"levelname": "DEBUG", "asctime": "2022-01-03 10:16:46,505", "filename": "Micro1.py", "funcName": "depurePermissions", "lineno": 225, "message": "The function depurePermissions was initiate"}
{"levelname": "DEBUG", "asctime": "2022-01-03 10:16:46,505", "filename": "Micro1.py", "funcName": "comparationLst", "lineno": 209, "message": "The function comparationLst was initiate"}
{"levelname": "INFO", "asctime": "2022-01-03 10:16:46,506", "filename": "Micro1.py", "funcName": "<module>", "lineno": 332, "message": "The microservice was sucessfull"}
{"levelname": "INFO", "asctime": "2022-01-03 10:17:10,338", "filename": "Micro1.py", "funcName": "<module>", "lineno": 301, "message": "The Script was initiate"}
{"levelname": "DEBUG", "asctime": "2022-01-03 10:17:10,339", "filename": "Micro1.py", "funcName": "InputArgs", "lineno": 289, "message": "Comprobate the input arguments"}
{"levelname": "ERROR", "asctime": "2022-01-03 10:17:10,339", "filename": "Micro1.py", "funcName": "aapt_permissions", "lineno": 132, "message": "/home/cesar/Desktop/almacenamiento/camaron.apk is not a valid APK path"}
{"levelname": "ERROR", "asctime": "2022-01-03 10:17:10,340", "filename": "Micro1.py", "funcName": "<module>", "lineno": 314, "message": "We need initiate None list"}
{"levelname": "INFO", "asctime": "2022-01-03 10:17:46,429", "filename": "Micro1.py", "funcName": "<module>", "lineno": 301, "message": "The Script was initiate"}
{"levelname": "DEBUG", "asctime": "2022-01-03 10:17:46,429", "filename": "Micro1.py", "funcName": "InputArgs", "lineno": 289, "message": "Comprobate the input arguments"}
{"levelname": "DEBUG", "asctime": "2022-01-03 10:17:46,430", "filename": "Micro1.py", "funcName": "aapt_permissions", "lineno": 124, "message": "The function aapt_permissions was initiate"}
{"levelname": "DEBUG", "asctime": "2022-01-03 10:17:46,440", "filename": "Micro1.py", "funcName": "depurePermissions", "lineno": 225, "message": "The function depurePermissions was initiate"}
{"levelname": "DEBUG", "asctime": "2022-01-03 10:17:46,448", "filename": "Micro1.py", "funcName": "comparationLst", "lineno": 209, "message": "The function comparationLst was initiate"}
{"levelname": "INFO", "asctime": "2022-01-03 10:17:46,448", "filename": "Micro1.py", "funcName": "<module>", "lineno": 332, "message": "The microservice was sucessfull"}
{"levelname": "INFO", "asctime": "2022-01-03 10:17:54,140", "filename": "Micro1.py", "funcName": "<module>", "lineno": 301, "message": "The Script was initiate"}
{"levelname": "DEBUG", "asctime": "2022-01-03 10:17:54,140", "filename": "Micro1.py", "funcName": "InputArgs", "lineno": 289, "message": "Comprobate the input arguments"}
{"levelname": "ERROR", "asctime": "2022-01-03 10:17:54,141", "filename": "Micro1.py", "funcName": "aapt_permissions", "lineno": 132, "message": "/home/cesar/Desktop/almacenamiento/camaron.apk is not a valid APK path"}
{"levelname": "ERROR", "asctime": "2022-01-03 10:17:54,141", "filename": "Micro1.py", "funcName": "depurePermissions", "lineno": 232, "message": "We need initiate None list"}
{"levelname": "ERROR", "asctime": "2022-01-03 10:17:54,141", "filename": "Micro1.py", "funcName": "aapt_versionName", "lineno": 166, "message": "/home/cesar/Desktop/almacenamiento/camaron.apk is not a valid APK path"}
{"levelname": "ERROR", "asctime": "2022-01-03 10:17:54,142", "filename": "Micro1.py", "funcName": "comparationLst", "lineno": 217, "message": "We need initiate None list"}
{"levelname": "INFO", "asctime": "2022-01-03 10:19:51,319", "filename": "Micro1.py", "funcName": "<module>", "lineno": 301, "message": "The Script was initiate"}
{"levelname": "DEBUG", "asctime": "2022-01-03 10:19:51,319", "filename": "Micro1.py", "funcName": "InputArgs", "lineno": 289, "message": "Comprobate the input arguments"}
{"levelname": "ERROR", "asctime": "2022-01-03 10:19:51,320", "filename": "Micro1.py", "funcName": "aapt_permissions", "lineno": 132, "message": "/home/cesar/Desktop/almacenamiento/camaron.apk is not a valid APK path"}
{"levelname": "ERROR", "asctime": "2022-01-03 10:19:51,320", "filename": "Micro1.py", "funcName": "depurePermissions", "lineno": 232, "message": "We need initiate None list"}
{"levelname": "ERROR", "asctime": "2022-01-03 10:19:51,320", "filename": "Micro1.py", "funcName": "aapt_versionName", "lineno": 166, "message": "/home/cesar/Desktop/almacenamiento/camaron.apk is not a valid APK path"}
{"levelname": "ERROR", "asctime": "2022-01-03 10:19:51,320", "filename": "Micro1.py", "funcName": "comparationLst", "lineno": 217, "message": "We need initiate None list"}
{"levelname": "INFO", "asctime": "2022-01-03 10:27:58,246", "filename": "Micro1.py", "funcName": "<module>", "lineno": 301, "message": "The Script was initiate"}
{"levelname": "DEBUG", "asctime": "2022-01-03 10:27:58,246", "filename": "Micro1.py", "funcName": "InputArgs", "lineno": 289, "message": "Comprobate the input arguments"}
{"levelname": "ERROR", "asctime": "2022-01-03 10:27:58,247", "filename": "Micro1.py", "funcName": "aapt_permissions", "lineno": 132, "message": "/home/cesar/Desktop/almacenamiento/camaron.apk is not a valid APK path"}
{"levelname": "ERROR", "asctime": "2022-01-03 10:27:58,248", "filename": "Micro1.py", "funcName": "depurePermissions", "lineno": 232, "message": "We need initiatea Permissions list"}
{"levelname": "ERROR", "asctime": "2022-01-03 10:27:58,248", "filename": "Micro1.py", "funcName": "aapt_versionName", "lineno": 166, "message": "/home/cesar/Desktop/almacenamiento/camaron.apk is not a valid APK path"}
{"levelname": "ERROR", "asctime": "2022-01-03 10:27:58,248", "filename": "Micro1.py", "funcName": "comparationLst", "lineno": 217, "message": "We need initiate a Permissions list"}
{"levelname": "INFO", "asctime": "2022-01-03 10:28:06,521", "filename": "Micro1.py", "funcName": "<module>", "lineno": 301, "message": "The Script was initiate"}
{"levelname": "DEBUG", "asctime": "2022-01-03 10:28:06,522", "filename": "Micro1.py", "funcName": "InputArgs", "lineno": 289, "message": "Comprobate the input arguments"}
{"levelname": "DEBUG", "asctime": "2022-01-03 10:28:06,522", "filename": "Micro1.py", "funcName": "aapt_permissions", "lineno": 124, "message": "The function aapt_permissions was initiate"}
{"levelname": "DEBUG", "asctime": "2022-01-03 10:28:06,530", "filename": "Micro1.py", "funcName": "depurePermissions", "lineno": 225, "message": "The function depurePermissions was initiate"}
{"levelname": "DEBUG", "asctime": "2022-01-03 10:28:06,531", "filename": "Micro1.py", "funcName": "comparationLst", "lineno": 209, "message": "The function comparationLst was initiate"}
{"levelname": "INFO", "asctime": "2022-01-03 10:28:06,531", "filename": "Micro1.py", "funcName": "<module>", "lineno": 332, "message": "The microservice was sucessfull"}
